2026-05-15 17:59:22,064 | INFO | 🤖 Multi-Channel Robot Simulator Started
2026-05-15 17:59:22,064 | INFO | 🚀 Single Robot Multi-Channel System v4.8 Started
2026-05-15 17:59:22,070 | INFO |    📡 Legs → Draw: 27W | Battery: 97%
2026-05-15 17:59:22,076 | INFO |    📡 Arms → Draw: 4W | Battery: 97%
2026-05-15 17:59:22,084 | INFO |    📡 Torso → Draw: 10W | Battery: 97%
2026-05-15 17:59:22,089 | INFO |    📡 Compute → Draw: 11W | Battery: 97%
2026-05-15 17:59:29,789 | INFO |    📡 Legs → Draw: 7W | Battery: 97%
2026-05-15 17:59:29,796 | INFO |    📡 Arms → Draw: 5W | Battery: 97%
2026-05-15 17:59:29,802 | INFO |    📡 Torso → Draw: 5W | Battery: 97%
2026-05-15 17:59:29,808 | INFO |    📡 Compute → Draw: 11W | Battery: 97%
2026-05-15 17:59:37,095 | INFO |    📡 Legs → Draw: 13W | Battery: 97%
2026-05-15 17:59:37,101 | INFO |    📡 Arms → Draw: 31W | Battery: 97%
2026-05-15 17:59:37,106 | INFO |    📡 Torso → Draw: 18W | Battery: 97%
2026-05-15 17:59:37,115 | INFO |    📡 Compute → Draw: 13W | Battery: 96%
2026-05-15 17:59:42,955 | INFO |    📡 Legs → Draw: 32W | Battery: 96%
2026-05-15 17:59:42,962 | INFO |    📡 Arms → Draw: 13W | Battery: 96%
2026-05-15 17:59:42,968 | INFO |    📡 Torso → Draw: 24W | Battery: 96%
2026-05-15 17:59:42,974 | INFO |    📡 Compute → Draw: 9W | Battery: 96%
2026-05-15 18:01:44,764 | INFO | 🤖 Multi-Channel Robot Simulator Started
2026-05-15 18:01:44,764 | INFO | 🚀 System Started - Single Robot Multi-Channel v4.8
2026-05-15 18:01:44,770 | INFO |    📡 Legs → Draw: 30W | Battery: 97%
2026-05-15 18:01:44,777 | INFO |    📡 Arms → Draw: 12W | Battery: 97%
2026-05-15 18:01:44,785 | INFO |    📡 Torso → Draw: 19W | Battery: 97%
2026-05-15 18:01:44,792 | INFO |    📡 Compute → Draw: 14W | Battery: 97%
2026-05-15 18:01:49,353 | INFO |    📡 Legs → Draw: 21W | Battery: 97%
2026-05-15 18:01:49,361 | INFO |    📡 Arms → Draw: 7W | Battery: 97%
2026-05-15 18:01:49,367 | INFO |    📡 Torso → Draw: 8W | Battery: 97%
2026-05-15 18:01:49,373 | INFO |    📡 Compute → Draw: 6W | Battery: 97%
2026-05-15 18:01:54,578 | INFO | 🗑️ All data cleared by user
2026-05-15 18:01:55,438 | INFO |    📡 Legs → Draw: 32W | Battery: 97%
2026-05-15 18:01:55,444 | INFO |    📡 Arms → Draw: 22W | Battery: 96%
2026-05-15 18:01:55,450 | INFO |    📡 Torso → Draw: 17W | Battery: 96%
2026-05-15 18:01:55,455 | INFO |    📡 Compute → Draw: 7W | Battery: 96%
2026-05-15 18:01:59,725 | INFO |    📡 Legs → Draw: 5W | Battery: 96%
2026-05-15 18:01:59,732 | INFO |    📡 Arms → Draw: 10W | Battery: 96%
2026-05-15 18:01:59,738 | INFO |    📡 Torso → Draw: 27W | Battery: 96%
2026-05-15 18:01:59,743 | INFO |    📡 Compute → Draw: 7W | Battery: 96%
2026-05-15 18:02:07,032 | INFO |    📡 Legs → Draw: 18W | Battery: 96%
2026-05-15 18:02:07,039 | INFO |    📡 Arms → Draw: 37W | Battery: 96%
2026-05-15 18:02:07,044 | INFO |    📡 Torso → Draw: 4W | Battery: 95%
2026-05-15 18:02:07,049 | INFO |    📡 Compute → Draw: 23W | Battery: 95%
2026-05-15 18:02:14,308 | INFO |    📡 Legs → Draw: 15W | Battery: 95%
2026-05-15 18:02:14,314 | INFO |    📡 Arms → Draw: 11W | Battery: 95%
2026-05-15 18:02:14,326 | INFO |    📡 Torso → Draw: 10W | Battery: 95%
2026-05-15 18:02:14,332 | INFO |    📡 Compute → Draw: 6W | Battery: 95%
2026-05-15 18:10:22,850 | INFO | 🤖 Multi-Channel Robot Simulator Started
2026-05-15 18:10:22,850 | INFO | 🚀 System Started v4.9 - Persistent History
2026-05-15 18:10:22,857 | INFO |    📡 Legs → Draw: 16W | Battery: 97%
2026-05-15 18:10:22,863 | INFO |    📡 Arms → Draw: 5W | Battery: 97%
2026-05-15 18:10:22,871 | INFO |    📡 Torso → Draw: 19W | Battery: 97%
2026-05-15 18:10:22,877 | INFO |    📡 Compute → Draw: 13W | Battery: 97%
2026-05-15 18:10:30,134 | INFO |    📡 Legs → Draw: 17W | Battery: 97%
2026-05-15 18:10:30,141 | INFO |    📡 Arms → Draw: 12W | Battery: 97%
2026-05-15 18:10:30,146 | INFO |    📡 Torso → Draw: 5W | Battery: 97%
2026-05-15 18:10:30,152 | INFO |    📡 Compute → Draw: 15W | Battery: 97%
2026-05-15 18:10:35,912 | INFO |    📡 Legs → Draw: 32W | Battery: 97%
2026-05-15 18:10:35,918 | INFO |    📡 Arms → Draw: 16W | Battery: 97%
2026-05-15 18:10:35,924 | INFO |    📡 Torso → Draw: 19W | Battery: 96%
2026-05-15 18:10:35,929 | INFO |    📡 Compute → Draw: 4W | Battery: 96%
2026-05-15 18:10:40,659 | INFO |    📡 Legs → Draw: 25W | Battery: 96%
2026-05-15 18:10:40,665 | INFO |    📡 Arms → Draw: 7W | Battery: 96%
2026-05-15 18:10:40,670 | INFO |    📡 Torso → Draw: 21W | Battery: 96%
2026-05-15 18:10:40,675 | INFO |    📡 Compute → Draw: 8W | Battery: 96%
2026-05-15 18:10:48,172 | INFO |    📡 Legs → Draw: 16W | Battery: 96%
2026-05-15 18:10:48,179 | INFO |    📡 Arms → Draw: 23W | Battery: 96%
2026-05-15 18:10:48,183 | INFO |    📡 Torso → Draw: 4W | Battery: 96%
2026-05-15 18:10:48,188 | INFO |    📡 Compute → Draw: 11W | Battery: 96%
2026-05-15 18:10:53,121 | INFO |    📡 Legs → Draw: 29W | Battery: 95%
2026-05-15 18:10:53,128 | INFO |    📡 Arms → Draw: 32W | Battery: 95%
2026-05-15 18:10:53,135 | INFO |    📡 Torso → Draw: 5W | Battery: 95%
2026-05-15 18:10:53,141 | INFO |    📡 Compute → Draw: 8W | Battery: 95%
2026-05-15 18:10:57,657 | INFO |    📡 Legs → Draw: 32W | Battery: 95%
2026-05-15 18:10:57,663 | INFO |    📡 Arms → Draw: 9W | Battery: 95%
2026-05-15 18:10:57,668 | INFO |    📡 Torso → Draw: 10W | Battery: 95%
2026-05-15 18:10:57,673 | INFO |    📡 Compute → Draw: 8W | Battery: 94%
2026-05-15 18:11:05,028 | INFO |    📡 Legs → Draw: 32W | Battery: 94%
2026-05-15 18:11:05,035 | INFO |    📡 Arms → Draw: 18W | Battery: 94%
2026-05-15 18:11:05,040 | INFO |    📡 Torso → Draw: 3W | Battery: 94%
2026-05-15 18:11:05,045 | INFO |    📡 Compute → Draw: 4W | Battery: 94%
2026-05-15 18:11:12,302 | INFO |    📡 Legs → Draw: 26W | Battery: 94%
2026-05-15 18:11:12,308 | INFO |    📡 Arms → Draw: 8W | Battery: 94%
2026-05-15 18:11:12,314 | INFO |    📡 Torso → Draw: 16W | Battery: 94%
2026-05-15 18:11:12,320 | INFO |    📡 Compute → Draw: 24W | Battery: 94%
2026-05-15 18:11:20,267 | INFO |    📡 Legs → Draw: 15W | Battery: 93%
2026-05-15 18:11:20,273 | INFO |    📡 Arms → Draw: 7W | Battery: 93%
2026-05-15 18:11:20,279 | INFO |    📡 Torso → Draw: 9W | Battery: 93%
2026-05-15 18:11:20,286 | INFO |    📡 Compute → Draw: 13W | Battery: 93%
2026-05-15 18:11:25,397 | INFO |    📡 Legs → Draw: 3W | Battery: 93%
2026-05-15 18:11:25,404 | INFO |    📡 Arms → Draw: 9W | Battery: 93%
2026-05-15 18:11:25,410 | INFO |    📡 Torso → Draw: 7W | Battery: 93%
2026-05-15 18:11:25,415 | INFO |    📡 Compute → Draw: 23W | Battery: 93%
2026-05-15 18:11:32,898 | INFO |    📡 Legs → Draw: 31W | Battery: 93%
2026-05-15 18:11:32,904 | INFO |    📡 Arms → Draw: 16W | Battery: 93%
2026-05-15 18:11:32,910 | INFO |    📡 Torso → Draw: 4W | Battery: 93%
2026-05-15 18:11:32,915 | INFO |    📡 Compute → Draw: 8W | Battery: 93%
2026-05-15 18:11:40,101 | INFO |    📡 Legs → Draw: 30W | Battery: 93%
2026-05-15 18:11:40,108 | INFO |    📡 Arms → Draw: 20W | Battery: 92%
2026-05-15 18:11:40,113 | INFO |    📡 Torso → Draw: 11W | Battery: 92%
2026-05-15 18:11:40,119 | INFO |    📡 Compute → Draw: 12W | Battery: 92%
2026-05-15 18:11:46,375 | INFO |    📡 Legs → Draw: 22W | Battery: 92%
2026-05-15 18:11:46,382 | INFO |    📡 Arms → Draw: 9W | Battery: 92%
2026-05-15 18:11:46,388 | INFO |    📡 Torso → Draw: 12W | Battery: 92%
2026-05-15 18:11:46,397 | INFO |    📡 Compute → Draw: 14W | Battery: 92%
2026-05-15 18:23:09,400 | INFO | 🤖 Multi-Channel Robot Simulator Started
2026-05-15 18:23:09,400 | INFO | 🚀 WebSocket Enabled System Started
2026-05-15 18:23:09,407 | INFO |    📡 Legs → Draw: 22W | Battery: 97%
2026-05-15 18:23:09,411 | INFO |    📡 Arms → Draw: 23W | Battery: 97%
2026-05-15 18:23:09,417 | INFO |    📡 Torso → Draw: 7W | Battery: 97%
2026-05-15 18:23:09,422 | INFO |    📡 Compute → Draw: 5W | Battery: 97%
2026-05-15 18:23:16,137 | INFO |    📡 Legs → Draw: 23W | Battery: 97%
2026-05-15 18:23:16,144 | INFO |    📡 Arms → Draw: 9W | Battery: 97%
2026-05-15 18:23:16,149 | INFO |    📡 Torso → Draw: 15W | Battery: 97%
2026-05-15 18:23:16,156 | INFO |    📡 Compute → Draw: 19W | Battery: 97%
2026-05-15 18:23:20,822 | INFO |    📡 Legs → Draw: 40W | Battery: 97%
2026-05-15 18:23:20,829 | INFO |    📡 Arms → Draw: 28W | Battery: 96%
2026-05-15 18:23:20,836 | INFO |    📡 Torso → Draw: 8W | Battery: 96%
2026-05-15 18:23:20,843 | INFO |    📡 Compute → Draw: 12W | Battery: 96%
2026-05-15 18:23:28,697 | INFO |    📡 Legs → Draw: 19W | Battery: 96%
2026-05-15 18:23:28,704 | INFO |    📡 Arms → Draw: 15W | Battery: 96%
2026-05-15 18:23:28,710 | INFO |    📡 Torso → Draw: 16W | Battery: 96%
2026-05-15 18:23:28,716 | INFO |    📡 Compute → Draw: 13W | Battery: 96%
2026-05-15 18:23:35,065 | INFO |    📡 Legs → Draw: 27W | Battery: 95%
2026-05-15 18:23:38,410 | INFO |    📡 Arms → Draw: 23W | Battery: 95%
2026-05-15 18:23:38,417 | INFO |    📡 Torso → Draw: 16W | Battery: 95%
2026-05-15 18:23:38,424 | INFO |    📡 Compute → Draw: 13W | Battery: 95%
2026-05-15 18:23:45,530 | INFO |    📡 Legs → Draw: 33W | Battery: 95%
2026-05-15 18:23:45,536 | INFO |    📡 Arms → Draw: 25W | Battery: 95%
2026-05-15 18:23:45,543 | INFO |    📡 Torso → Draw: 12W | Battery: 95%
2026-05-15 18:23:45,550 | INFO |    📡 Compute → Draw: 9W | Battery: 94%
2026-05-15 18:23:49,735 | INFO |    📡 Legs → Draw: 21W | Battery: 94%
2026-05-15 18:23:49,742 | INFO |    📡 Arms → Draw: 7W | Battery: 94%
2026-05-15 18:23:49,749 | INFO |    📡 Torso → Draw: 30W | Battery: 94%
2026-05-15 18:23:49,754 | INFO |    📡 Compute → Draw: 5W | Battery: 94%
2026-05-15 18:23:56,263 | INFO |    📡 Legs → Draw: 28W | Battery: 94%
2026-05-15 18:23:56,270 | INFO |    📡 Arms → Draw: 24W | Battery: 94%
2026-05-15 18:23:56,276 | INFO |    📡 Torso → Draw: 16W | Battery: 94%
2026-05-15 18:23:56,282 | INFO |    📡 Compute → Draw: 18W | Battery: 93%
2026-05-15 18:24:02,475 | INFO |    📡 Legs → Draw: 25W | Battery: 93%
2026-05-15 18:24:02,482 | INFO |    📡 Arms → Draw: 23W | Battery: 93%
2026-05-15 18:24:02,488 | INFO |    📡 Torso → Draw: 18W | Battery: 93%
2026-05-15 18:24:02,494 | INFO |    📡 Compute → Draw: 12W | Battery: 93%
2026-05-15 18:24:07,085 | INFO |    📡 Legs → Draw: 31W | Battery: 93%
2026-05-15 18:24:07,092 | INFO |    📡 Arms → Draw: 20W | Battery: 93%
2026-05-15 18:24:07,097 | INFO |    📡 Torso → Draw: 19W | Battery: 92%
2026-05-15 18:24:07,103 | INFO |    📡 Compute → Draw: 10W | Battery: 92%
2026-05-15 18:24:13,319 | INFO |    📡 Legs → Draw: 27W | Battery: 92%
2026-05-15 18:24:13,326 | INFO |    📡 Arms → Draw: 11W | Battery: 92%
2026-05-15 18:24:13,332 | INFO |    📡 Torso → Draw: 15W | Battery: 92%
2026-05-15 18:24:13,338 | INFO |    📡 Compute → Draw: 17W | Battery: 92%
2026-05-15 18:24:18,370 | INFO |    📡 Legs → Draw: 4W | Battery: 92%
2026-05-15 18:24:18,377 | INFO |    📡 Arms → Draw: 11W | Battery: 92%
2026-05-15 18:24:18,381 | INFO |    📡 Torso → Draw: 18W | Battery: 92%
2026-05-15 18:24:18,386 | INFO |    📡 Compute → Draw: 25W | Battery: 92%
2026-05-15 18:24:23,019 | INFO |    📡 Legs → Draw: 28W | Battery: 91%
2026-05-15 18:24:23,026 | INFO |    📡 Arms → Draw: 18W | Battery: 91%
2026-05-15 18:24:23,031 | INFO |    📡 Torso → Draw: 12W | Battery: 91%
2026-05-15 18:24:23,039 | INFO |    📡 Compute → Draw: 13W | Battery: 91%
2026-05-15 18:24:28,793 | INFO |    📡 Legs → Draw: 46W | Battery: 91%
2026-05-15 18:24:28,800 | INFO |    📡 Arms → Draw: 4W | Battery: 91%
2026-05-15 18:24:28,806 | INFO |    📡 Torso → Draw: 19W | Battery: 91%
2026-05-15 18:24:28,812 | INFO |    📡 Compute → Draw: 10W | Battery: 90%
2026-05-15 18:24:33,137 | INFO |    📡 Legs → Draw: 36W | Battery: 90%
2026-05-15 18:24:33,143 | INFO |    📡 Arms → Draw: 15W | Battery: 90%
2026-05-15 18:24:33,150 | INFO |    📡 Torso → Draw: 10W | Battery: 90%
2026-05-15 18:24:33,155 | INFO |    📡 Compute → Draw: 4W | Battery: 90%
2026-05-15 18:24:39,201 | INFO |    📡 Legs → Draw: 23W | Battery: 90%
2026-05-15 18:24:39,207 | INFO |    📡 Arms → Draw: 24W | Battery: 90%
2026-05-15 18:24:39,214 | INFO |    📡 Torso → Draw: 19W | Battery: 90%
2026-05-15 18:24:39,220 | INFO |    📡 Compute → Draw: 11W | Battery: 89%
2026-05-15 18:24:47,133 | INFO |    📡 Legs → Draw: 46W | Battery: 89%
2026-05-15 18:24:47,138 | INFO |    📡 Arms → Draw: 30W | Battery: 89%
2026-05-15 18:24:47,144 | INFO |    📡 Torso → Draw: 7W | Battery: 89%
2026-05-15 18:24:47,149 | INFO |    📡 Compute → Draw: 11W | Battery: 89%
2026-05-15 18:24:51,835 | INFO |    📡 Legs → Draw: 27W | Battery: 89%
2026-05-15 18:24:51,842 | INFO |    📡 Arms → Draw: 9W | Battery: 88%
2026-05-15 18:24:51,848 | INFO |    📡 Torso → Draw: 13W | Battery: 88%
2026-05-15 18:24:51,853 | INFO |    📡 Compute → Draw: 8W | Battery: 88%
2026-05-15 18:24:57,909 | INFO |    📡 Legs → Draw: 26W | Battery: 88%
2026-05-15 18:24:57,914 | INFO |    📡 Arms → Draw: 25W | Battery: 88%
2026-05-15 18:24:57,920 | INFO |    📡 Torso → Draw: 18W | Battery: 88%
2026-05-15 18:24:57,927 | INFO |    📡 Compute → Draw: 5W | Battery: 88%
2026-05-15 18:25:04,736 | INFO |    📡 Legs → Draw: 11W | Battery: 88%
2026-05-15 18:25:06,511 | INFO |    📡 Arms → Draw: 12W | Battery: 88%
2026-05-15 18:25:06,519 | INFO |    📡 Torso → Draw: 13W | Battery: 87%
2026-05-15 18:25:06,525 | INFO |    📡 Compute → Draw: 18W | Battery: 87%
2026-05-15 18:25:11,206 | INFO |    📡 Legs → Draw: 17W | Battery: 87%
2026-05-15 18:25:11,213 | INFO |    📡 Arms → Draw: 12W | Battery: 87%
2026-05-15 18:25:11,219 | INFO |    📡 Torso → Draw: 16W | Battery: 87%
2026-05-15 18:25:11,225 | INFO |    📡 Compute → Draw: 13W | Battery: 87%
2026-05-15 18:25:18,046 | INFO |    📡 Legs → Draw: 11W | Battery: 87%
2026-05-15 18:25:18,053 | INFO |    📡 Arms → Draw: 31W | Battery: 87%
2026-05-15 18:25:18,059 | INFO |    📡 Torso → Draw: 11W | Battery: 87%
2026-05-15 18:25:18,064 | INFO |    📡 Compute → Draw: 8W | Battery: 87%
2026-05-15 18:25:22,547 | INFO |    📡 Legs → Draw: 30W | Battery: 86%
2026-05-15 18:25:22,553 | INFO |    📡 Arms → Draw: 5W | Battery: 86%
2026-05-15 18:25:22,559 | INFO |    📡 Torso → Draw: 28W | Battery: 86%
2026-05-15 18:25:22,565 | INFO |    📡 Compute → Draw: 7W | Battery: 86%
2026-05-15 18:25:29,166 | INFO |    📡 Legs → Draw: 35W | Battery: 86%
2026-05-15 18:25:29,173 | INFO |    📡 Arms → Draw: 19W | Battery: 86%
2026-05-15 18:25:29,179 | INFO |    📡 Torso → Draw: 20W | Battery: 86%
2026-05-15 18:25:29,185 | INFO |    📡 Compute → Draw: 11W | Battery: 85%
2026-05-15 18:25:35,816 | INFO |    📡 Legs → Draw: 30W | Battery: 85%
2026-05-15 18:25:35,823 | INFO |    📡 Arms → Draw: 10W | Battery: 85%
2026-05-15 18:25:35,829 | INFO |    📡 Torso → Draw: 4W | Battery: 85%
2026-05-15 18:25:35,835 | INFO |    📡 Compute → Draw: 11W | Battery: 85%
2026-05-15 18:25:41,492 | INFO |    📡 Legs → Draw: 4W | Battery: 85%
2026-05-15 18:25:41,498 | INFO |    📡 Arms → Draw: 37W | Battery: 85%
2026-05-15 18:25:41,506 | INFO |    📡 Torso → Draw: 13W | Battery: 85%
2026-05-15 18:25:41,513 | INFO |    📡 Compute → Draw: 11W | Battery: 85%
2026-05-15 18:25:48,653 | INFO |    📡 Legs → Draw: 12W | Battery: 85%
2026-05-15 18:25:48,660 | INFO |    📡 Arms → Draw: 13W | Battery: 84%
2026-05-15 18:25:48,671 | INFO |    📡 Torso → Draw: 6W | Battery: 84%
2026-05-15 18:25:48,677 | INFO |    📡 Compute → Draw: 10W | Battery: 84%
2026-05-15 18:25:55,676 | INFO |    📡 Legs → Draw: 26W | Battery: 84%
2026-05-15 18:25:55,683 | INFO |    📡 Arms → Draw: 16W | Battery: 84%
2026-05-15 18:25:55,688 | INFO |    📡 Torso → Draw: 20W | Battery: 84%
2026-05-15 18:25:55,694 | INFO |    📡 Compute → Draw: 27W | Battery: 84%
2026-05-15 18:26:03,309 | INFO |    📡 Legs → Draw: 42W | Battery: 84%
2026-05-15 18:26:03,315 | INFO |    📡 Arms → Draw: 19W | Battery: 83%
2026-05-15 18:26:03,320 | INFO |    📡 Torso → Draw: 20W | Battery: 83%
2026-05-15 18:26:03,324 | INFO |    📡 Compute → Draw: 10W | Battery: 83%
2026-05-15 18:26:08,731 | INFO |    📡 Legs → Draw: 45W | Battery: 83%
2026-05-15 18:26:08,738 | INFO |    📡 Arms → Draw: 12W | Battery: 83%
2026-05-15 18:26:08,743 | INFO |    📡 Torso → Draw: 19W | Battery: 83%
2026-05-15 18:26:08,747 | INFO |    📡 Compute → Draw: 16W | Battery: 82%
2026-05-15 18:26:14,956 | INFO |    📡 Legs → Draw: 21W | Battery: 82%
2026-05-15 18:26:14,963 | INFO |    📡 Arms → Draw: 7W | Battery: 82%
2026-05-15 18:26:14,969 | INFO |    📡 Torso → Draw: 16W | Battery: 82%
2026-05-15 18:26:14,975 | INFO |    📡 Compute → Draw: 11W | Battery: 82%
2026-05-15 18:26:19,853 | INFO |    📡 Legs → Draw: 28W | Battery: 82%
2026-05-15 18:26:19,859 | INFO |    📡 Arms → Draw: 6W | Battery: 82%
2026-05-15 18:26:19,865 | INFO |    📡 Torso → Draw: 19W | Battery: 82%
2026-05-15 18:26:19,871 | INFO |    📡 Compute → Draw: 8W | Battery: 82%
2026-05-15 18:26:27,677 | INFO |    📡 Legs → Draw: 17W | Battery: 82%
2026-05-15 18:26:27,685 | INFO |    📡 Arms → Draw: 24W | Battery: 81%
2026-05-15 18:26:27,690 | INFO |    📡 Torso → Draw: 8W | Battery: 81%
2026-05-15 18:26:27,695 | INFO |    📡 Compute → Draw: 3W | Battery: 81%
2026-05-15 18:27:37,010 | INFO | 🤖 Multi-Channel Robot Simulator Started
2026-05-15 18:27:37,010 | INFO | 🚀 WebSocket Enabled System Started
2026-05-15 18:27:37,020 | INFO |    📡 Legs → Draw: 18W | Battery: 97%
2026-05-15 18:27:37,027 | INFO |    📡 Arms → Draw: 22W | Battery: 97%
2026-05-15 18:27:37,032 | INFO |    📡 Torso → Draw: 7W | Battery: 97%
2026-05-15 18:27:37,038 | INFO |    📡 Compute → Draw: 13W | Battery: 97%
2026-05-15 18:27:41,170 | INFO |    📡 Legs → Draw: 11W | Battery: 97%
2026-05-15 18:27:41,177 | INFO |    📡 Arms → Draw: 13W | Battery: 97%
2026-05-15 18:27:41,183 | INFO |    📡 Torso → Draw: 23W | Battery: 97%
2026-05-15 18:27:41,189 | INFO |    📡 Compute → Draw: 9W | Battery: 97%
2026-05-15 18:27:47,826 | INFO |    📡 Legs → Draw: 15W | Battery: 97%
2026-05-15 18:27:47,831 | INFO |    📡 Arms → Draw: 19W | Battery: 97%
2026-05-15 18:27:47,837 | INFO |    📡 Torso → Draw: 19W | Battery: 96%
2026-05-15 18:27:47,843 | INFO |    📡 Compute → Draw: 13W | Battery: 96%
2026-05-15 18:27:54,968 | INFO |    📡 Legs → Draw: 20W | Battery: 96%
2026-05-15 18:27:54,974 | INFO |    📡 Arms → Draw: 9W | Battery: 96%
2026-05-15 18:27:54,979 | INFO |    📡 Torso → Draw: 8W | Battery: 96%
2026-05-15 18:27:54,985 | INFO |    📡 Compute → Draw: 8W | Battery: 96%
2026-05-15 18:27:59,157 | INFO |    📡 Legs → Draw: 30W | Battery: 96%
2026-05-15 18:27:59,163 | INFO |    📡 Arms → Draw: 7W | Battery: 96%
2026-05-15 18:27:59,168 | INFO |    📡 Torso → Draw: 11W | Battery: 96%
2026-05-15 18:27:59,173 | INFO |    📡 Compute → Draw: 20W | Battery: 96%
2026-05-15 18:28:05,756 | INFO |    📡 Legs → Draw: 24W | Battery: 95%
2026-05-15 18:28:05,761 | INFO |    📡 Arms → Draw: 23W | Battery: 95%
2026-05-15 18:28:05,768 | INFO |    📡 Torso → Draw: 3W | Battery: 95%
2026-05-15 18:28:05,774 | INFO |    📡 Compute → Draw: 9W | Battery: 95%
2026-05-15 18:28:13,229 | INFO |    📡 Legs → Draw: 6W | Battery: 95%
2026-05-15 18:28:13,236 | INFO |    📡 Arms → Draw: 8W | Battery: 95%
2026-05-15 18:28:13,241 | INFO |    📡 Torso → Draw: 14W | Battery: 95%
2026-05-15 18:28:13,246 | INFO |    📡 Compute → Draw: 12W | Battery: 95%
2026-05-15 18:28:18,078 | INFO |    📡 Legs → Draw: 15W | Battery: 95%
2026-05-15 18:28:18,083 | INFO |    📡 Arms → Draw: 12W | Battery: 95%
2026-05-15 18:28:18,088 | INFO |    📡 Torso → Draw: 8W | Battery: 95%
2026-05-15 18:28:18,094 | INFO |    📡 Compute → Draw: 19W | Battery: 95%
2026-05-15 18:28:23,287 | INFO |    📡 Legs → Draw: 46W | Battery: 94%
2026-05-15 18:28:23,293 | INFO |    📡 Arms → Draw: 22W | Battery: 94%
2026-05-15 18:28:23,299 | INFO |    📡 Torso → Draw: 9W | Battery: 94%
2026-05-15 18:28:23,305 | INFO |    📡 Compute → Draw: 9W | Battery: 94%
2026-05-15 18:28:28,203 | INFO |    📡 Legs → Draw: 30W | Battery: 94%
2026-05-15 18:28:28,209 | INFO |    📡 Arms → Draw: 32W | Battery: 94%
2026-05-15 18:28:28,214 | INFO |    📡 Torso → Draw: 13W | Battery: 93%
2026-05-15 18:28:28,220 | INFO |    📡 Compute → Draw: 11W | Battery: 93%
2026-05-15 18:28:35,430 | INFO |    📡 Legs → Draw: 14W | Battery: 93%
2026-05-15 18:28:35,438 | INFO |    📡 Arms → Draw: 6W | Battery: 93%
2026-05-15 18:28:35,444 | INFO |    📡 Torso → Draw: 21W | Battery: 93%
2026-05-15 18:28:35,450 | INFO |    📡 Compute → Draw: 9W | Battery: 93%
2026-05-15 18:28:41,146 | INFO |    📡 Legs → Draw: 31W | Battery: 93%
2026-05-15 18:28:41,154 | INFO |    📡 Arms → Draw: 16W | Battery: 93%
2026-05-15 18:28:41,159 | INFO |    📡 Torso → Draw: 8W | Battery: 93%
2026-05-15 18:28:41,165 | INFO |    📡 Compute → Draw: 7W | Battery: 92%
2026-05-15 18:28:47,228 | INFO |    📡 Legs → Draw: 13W | Battery: 92%
2026-05-15 18:28:47,235 | INFO |    📡 Arms → Draw: 21W | Battery: 92%
2026-05-15 18:28:47,241 | INFO |    📡 Torso → Draw: 12W | Battery: 92%
2026-05-15 18:28:47,247 | INFO |    📡 Compute → Draw: 23W | Battery: 92%
2026-05-15 18:28:53,360 | INFO |    📡 Legs → Draw: 22W | Battery: 92%
2026-05-15 18:28:53,367 | INFO |    📡 Arms → Draw: 8W | Battery: 92%
2026-05-15 18:28:53,373 | INFO |    📡 Torso → Draw: 18W | Battery: 92%
2026-05-15 18:28:53,378 | INFO |    📡 Compute → Draw: 13W | Battery: 92%
2026-05-15 18:28:59,233 | INFO |    📡 Legs → Draw: 24W | Battery: 92%
2026-05-15 18:28:59,240 | INFO |    📡 Arms → Draw: 14W | Battery: 91%
2026-05-15 18:28:59,246 | INFO |    📡 Torso → Draw: 4W | Battery: 91%
2026-05-15 18:28:59,251 | INFO |    📡 Compute → Draw: 15W | Battery: 91%
2026-05-15 18:29:05,923 | INFO |    📡 Legs → Draw: 32W | Battery: 91%
2026-05-15 18:29:05,930 | INFO |    📡 Arms → Draw: 13W | Battery: 91%
2026-05-15 18:29:05,937 | INFO |    📡 Torso → Draw: 5W | Battery: 91%
2026-05-15 18:29:05,943 | INFO |    📡 Compute → Draw: 28W | Battery: 91%
2026-05-15 18:29:33,985 | INFO | 🤖 Multi-Channel Robot Simulator Started
2026-05-15 18:29:33,985 | INFO | 🚀 WebSocket Enabled System Started
2026-05-15 18:29:33,995 | INFO |    📡 Legs → Draw: 21W | Battery: 97%
2026-05-15 18:29:34,001 | INFO |    📡 Arms → Draw: 20W | Battery: 97%
2026-05-15 18:29:34,007 | INFO |    📡 Torso → Draw: 12W | Battery: 97%
2026-05-15 18:29:34,012 | INFO |    📡 Compute → Draw: 14W | Battery: 97%
2026-05-15 18:29:40,607 | INFO |    📡 Legs → Draw: 30W | Battery: 97%
2026-05-15 18:29:40,615 | INFO |    📡 Arms → Draw: 9W | Battery: 97%
2026-05-15 18:29:40,622 | INFO |    📡 Torso → Draw: 31W | Battery: 97%
2026-05-15 18:29:40,627 | INFO |    📡 Compute → Draw: 9W | Battery: 97%
2026-05-15 18:29:46,844 | INFO |    📡 Legs → Draw: 24W | Battery: 96%
2026-05-15 18:29:46,851 | INFO |    📡 Arms → Draw: 14W | Battery: 96%
2026-05-15 18:29:46,857 | INFO |    📡 Torso → Draw: 11W | Battery: 96%
2026-05-15 18:29:46,862 | INFO |    📡 Compute → Draw: 5W | Battery: 96%
2026-05-15 18:29:51,046 | INFO |    📡 Legs → Draw: 13W | Battery: 96%
2026-05-15 18:29:51,053 | INFO |    📡 Arms → Draw: 27W | Battery: 96%
2026-05-15 18:29:51,059 | INFO |    📡 Torso → Draw: 28W | Battery: 96%
2026-05-15 18:29:51,065 | INFO |    📡 Compute → Draw: 11W | Battery: 96%
2026-05-15 18:29:57,633 | INFO |    📡 Legs → Draw: 23W | Battery: 96%
2026-05-15 18:29:57,638 | INFO |    📡 Arms → Draw: 18W | Battery: 95%
2026-05-15 18:29:57,644 | INFO |    📡 Torso → Draw: 20W | Battery: 95%
2026-05-15 18:29:57,650 | INFO |    📡 Compute → Draw: 9W | Battery: 95%
2026-05-15 18:30:03,793 | INFO |    📡 Legs → Draw: 31W | Battery: 95%
2026-05-15 18:30:03,800 | INFO |    📡 Arms → Draw: 4W | Battery: 95%
2026-05-15 18:30:03,805 | INFO |    📡 Torso → Draw: 12W | Battery: 95%
2026-05-15 18:30:03,812 | INFO |    📡 Compute → Draw: 19W | Battery: 95%
2026-05-15 18:30:11,293 | INFO |    📡 Legs → Draw: 6W | Battery: 95%
2026-05-15 18:30:11,665 | INFO |    📡 Arms → Draw: 16W | Battery: 95%
2026-05-15 18:30:11,671 | INFO |    📡 Torso → Draw: 9W | Battery: 95%
2026-05-15 18:30:11,677 | INFO |    📡 Compute → Draw: 5W | Battery: 94%
2026-05-15 18:30:16,787 | INFO |    📡 Legs → Draw: 28W | Battery: 94%
2026-05-15 18:30:16,793 | INFO |    📡 Arms → Draw: 6W | Battery: 94%
2026-05-15 18:30:16,798 | INFO |    📡 Torso → Draw: 15W | Battery: 94%
2026-05-15 18:30:16,804 | INFO |    📡 Compute → Draw: 4W | Battery: 94%
2026-05-15 18:30:23,596 | INFO |    📡 Legs → Draw: 34W | Battery: 94%
2026-05-15 18:30:23,603 | INFO |    📡 Arms → Draw: 24W | Battery: 94%
2026-05-15 18:30:23,609 | INFO |    📡 Torso → Draw: 8W | Battery: 94%
2026-05-15 18:30:23,613 | INFO |    📡 Compute → Draw: 29W | Battery: 93%
2026-05-15 18:30:28,784 | INFO |    📡 Legs → Draw: 26W | Battery: 93%
2026-05-15 18:30:28,791 | INFO |    📡 Arms → Draw: 21W | Battery: 93%
2026-05-15 18:30:28,797 | INFO |    📡 Torso → Draw: 12W | Battery: 93%
2026-05-15 18:30:28,802 | INFO |    📡 Compute → Draw: 5W | Battery: 93%
2026-05-15 18:30:36,617 | INFO |    📡 Legs → Draw: 12W | Battery: 93%
2026-05-15 18:30:36,623 | INFO |    📡 Arms → Draw: 9W | Battery: 93%
2026-05-15 18:30:36,629 | INFO |    📡 Torso → Draw: 18W | Battery: 93%
2026-05-15 18:30:36,635 | INFO |    📡 Compute → Draw: 18W | Battery: 93%
2026-05-15 18:30:41,464 | INFO |    📡 Legs → Draw: 30W | Battery: 92%
2026-05-15 18:30:41,471 | INFO |    📡 Arms → Draw: 8W | Battery: 92%
2026-05-15 18:30:41,483 | INFO |    📡 Torso → Draw: 17W | Battery: 92%
2026-05-15 18:30:41,490 | INFO |    📡 Compute → Draw: 7W | Battery: 92%
2026-05-15 18:30:46,564 | INFO |    📡 Legs → Draw: 18W | Battery: 92%
2026-05-15 18:30:46,571 | INFO |    📡 Arms → Draw: 22W | Battery: 92%
2026-05-15 18:30:46,576 | INFO |    📡 Torso → Draw: 4W | Battery: 92%
2026-05-15 18:30:46,582 | INFO |    📡 Compute → Draw: 7W | Battery: 92%
2026-05-15 18:30:51,662 | INFO |    📡 Legs → Draw: 3W | Battery: 92%
2026-05-15 18:30:51,668 | INFO |    📡 Arms → Draw: 11W | Battery: 92%
2026-05-15 18:30:51,673 | INFO |    📡 Torso → Draw: 9W | Battery: 92%
2026-05-15 18:30:51,678 | INFO |    📡 Compute → Draw: 22W | Battery: 92%
2026-05-15 18:30:56,401 | INFO |    📡 Legs → Draw: 22W | Battery: 91%
2026-05-15 18:30:56,409 | INFO |    📡 Arms → Draw: 28W | Battery: 91%
2026-05-15 18:30:56,415 | INFO |    📡 Torso → Draw: 16W | Battery: 91%
2026-05-15 18:30:56,422 | INFO |    📡 Compute → Draw: 14W | Battery: 91%
2026-05-15 18:31:03,152 | INFO |    📡 Legs → Draw: 11W | Battery: 91%
2026-05-15 18:31:03,159 | INFO |    📡 Arms → Draw: 16W | Battery: 91%
2026-05-15 18:31:03,164 | INFO |    📡 Torso → Draw: 7W | Battery: 91%
2026-05-15 18:31:03,170 | INFO |    📡 Compute → Draw: 22W | Battery: 91%
2026-05-15 18:31:49,084 | INFO | 🤖 Multi-Channel Robot Simulator Started
2026-05-15 18:31:49,084 | INFO | 🚀 System Started with WebSocket
2026-05-15 18:31:49,095 | INFO |    📡 Legs → Draw: 39W | Battery: 97%
2026-05-15 18:31:49,101 | INFO |    📡 Arms → Draw: 24W | Battery: 97%
2026-05-15 18:31:49,108 | INFO |    📡 Torso → Draw: 12W | Battery: 97%
2026-05-15 18:31:49,114 | INFO |    📡 Compute → Draw: 11W | Battery: 97%
2026-05-15 18:31:53,761 | INFO |    📡 Legs → Draw: 22W | Battery: 97%
2026-05-15 18:31:53,767 | INFO |    📡 Arms → Draw: 22W | Battery: 97%
2026-05-15 18:31:53,773 | INFO |    📡 Torso → Draw: 10W | Battery: 97%
2026-05-15 18:31:53,779 | INFO |    📡 Compute → Draw: 4W | Battery: 96%
2026-05-15 18:31:59,131 | INFO |    📡 Legs → Draw: 15W | Battery: 96%
2026-05-15 18:31:59,137 | INFO |    📡 Arms → Draw: 23W | Battery: 96%
2026-05-15 18:31:59,143 | INFO |    📡 Torso → Draw: 4W | Battery: 96%
2026-05-15 18:31:59,148 | INFO |    📡 Compute → Draw: 6W | Battery: 96%
2026-05-15 18:32:04,583 | INFO |    📡 Legs → Draw: 11W | Battery: 96%
2026-05-15 18:32:04,591 | INFO |    📡 Arms → Draw: 5W | Battery: 96%
2026-05-15 18:32:04,597 | INFO |    📡 Torso → Draw: 26W | Battery: 96%
2026-05-15 18:32:04,603 | INFO |    📡 Compute → Draw: 7W | Battery: 96%
2026-05-15 18:32:11,800 | INFO |    📡 Legs → Draw: 36W | Battery: 96%
2026-05-15 18:32:11,808 | INFO |    📡 Arms → Draw: 6W | Battery: 96%
2026-05-15 18:32:11,813 | INFO |    📡 Torso → Draw: 19W | Battery: 95%
2026-05-15 18:32:11,818 | INFO |    📡 Compute → Draw: 23W | Battery: 95%
2026-05-15 18:32:17,834 | INFO |    📡 Legs → Draw: 4W | Battery: 95%
2026-05-15 18:32:17,841 | INFO |    📡 Arms → Draw: 21W | Battery: 95%
2026-05-15 18:32:17,847 | INFO |    📡 Torso → Draw: 15W | Battery: 95%
2026-05-15 18:32:17,853 | INFO |    📡 Compute → Draw: 13W | Battery: 95%
2026-05-15 18:32:23,487 | INFO |    📡 Legs → Draw: 8W | Battery: 95%
2026-05-15 18:32:23,493 | INFO |    📡 Arms → Draw: 20W | Battery: 95%
2026-05-15 18:32:23,498 | INFO |    📡 Torso → Draw: 10W | Battery: 95%
2026-05-15 18:32:23,505 | INFO |    📡 Compute → Draw: 14W | Battery: 95%
2026-05-15 18:32:31,452 | INFO |    📡 Legs → Draw: 26W | Battery: 95%
2026-05-15 18:32:31,458 | INFO |    📡 Arms → Draw: 18W | Battery: 94%
2026-05-15 18:32:31,465 | INFO |    📡 Torso → Draw: 15W | Battery: 94%
2026-05-15 18:32:31,470 | INFO |    📡 Compute → Draw: 7W | Battery: 94%
2026-05-15 18:32:38,043 | INFO |    📡 Legs → Draw: 3W | Battery: 94%
2026-05-15 18:32:38,050 | INFO |    📡 Arms → Draw: 26W | Battery: 94%
2026-05-15 18:32:38,056 | INFO |    📡 Torso → Draw: 7W | Battery: 94%
2026-05-15 18:32:38,061 | INFO |    📡 Compute → Draw: 12W | Battery: 94%
2026-05-15 18:32:43,126 | INFO |    📡 Legs → Draw: 16W | Battery: 94%
2026-05-15 18:32:43,131 | INFO |    📡 Arms → Draw: 10W | Battery: 94%
2026-05-15 18:32:43,137 | INFO |    📡 Torso → Draw: 7W | Battery: 94%
2026-05-15 18:32:43,142 | INFO |    📡 Compute → Draw: 13W | Battery: 93%
2026-05-15 18:32:48,302 | INFO |    📡 Legs → Draw: 21W | Battery: 93%
2026-05-15 18:32:48,309 | INFO |    📡 Arms → Draw: 16W | Battery: 93%
2026-05-15 18:32:48,315 | INFO |    📡 Torso → Draw: 18W | Battery: 93%
2026-05-15 18:32:48,322 | INFO |    📡 Compute → Draw: 4W | Battery: 93%
2026-05-15 18:32:54,049 | INFO |    📡 Legs → Draw: 28W | Battery: 93%
2026-05-15 18:32:54,054 | INFO |    📡 Arms → Draw: 22W | Battery: 93%
2026-05-15 18:32:54,060 | INFO |    📡 Torso → Draw: 17W | Battery: 93%
2026-05-15 18:32:54,066 | INFO |    📡 Compute → Draw: 8W | Battery: 93%
2026-05-15 18:32:59,504 | INFO |    📡 Legs → Draw: 19W | Battery: 92%
2026-05-15 18:32:59,510 | INFO |    📡 Arms → Draw: 12W | Battery: 92%
2026-05-15 18:32:59,516 | INFO |    📡 Torso → Draw: 18W | Battery: 92%
2026-05-15 18:32:59,521 | INFO |    📡 Compute → Draw: 18W | Battery: 92%
2026-05-15 18:33:05,168 | INFO |    📡 Legs → Draw: 23W | Battery: 92%
2026-05-15 18:33:05,175 | INFO |    📡 Arms → Draw: 33W | Battery: 92%
2026-05-15 18:33:05,181 | INFO |    📡 Torso → Draw: 5W | Battery: 92%
2026-05-15 18:33:05,185 | INFO |    📡 Compute → Draw: 12W | Battery: 92%
2026-05-15 18:33:09,637 | INFO |    📡 Legs → Draw: 4W | Battery: 92%
2026-05-15 18:33:09,644 | INFO |    📡 Arms → Draw: 12W | Battery: 92%
2026-05-15 18:33:09,649 | INFO |    📡 Torso → Draw: 19W | Battery: 91%
2026-05-15 18:33:09,654 | INFO |    📡 Compute → Draw: 9W | Battery: 91%
2026-05-15 18:33:14,390 | INFO |    📡 Legs → Draw: 5W | Battery: 91%
2026-05-15 18:33:14,396 | INFO |    📡 Arms → Draw: 4W | Battery: 91%
2026-05-15 18:33:14,400 | INFO |    📡 Torso → Draw: 9W | Battery: 91%
2026-05-15 18:33:14,405 | INFO |    📡 Compute → Draw: 4W | Battery: 91%
2026-05-15 18:33:20,710 | INFO |    📡 Legs → Draw: 34W | Battery: 91%
2026-05-15 18:33:20,716 | INFO |    📡 Arms → Draw: 25W | Battery: 91%
2026-05-15 18:33:20,722 | INFO |    📡 Torso → Draw: 6W | Battery: 91%
2026-05-15 18:33:20,727 | INFO |    📡 Compute → Draw: 4W | Battery: 91%
2026-05-15 18:33:25,800 | INFO |    📡 Legs → Draw: 14W | Battery: 91%
2026-05-15 18:33:25,807 | INFO |    📡 Arms → Draw: 20W | Battery: 90%
2026-05-15 18:33:25,813 | INFO |    📡 Torso → Draw: 7W | Battery: 90%
2026-05-15 18:33:25,818 | INFO |    📡 Compute → Draw: 13W | Battery: 90%
2026-05-15 18:36:16,165 | INFO | 🤖 Multi-Channel Robot Simulator Started
2026-05-15 18:36:16,165 | INFO | 🚀 WebSocket System Started
2026-05-15 18:36:16,177 | INFO |    📡 Legs → Draw: 40W | Battery: 97%
2026-05-15 18:36:16,183 | INFO |    📡 Arms → Draw: 15W | Battery: 97%
2026-05-15 18:36:16,190 | INFO |    📡 Torso → Draw: 29W | Battery: 97%
2026-05-15 18:36:16,196 | INFO |    📡 Compute → Draw: 11W | Battery: 97%
2026-05-15 18:36:20,261 | INFO |    📡 Legs → Draw: 16W | Battery: 97%
2026-05-15 18:36:20,266 | INFO |    📡 Arms → Draw: 12W | Battery: 97%
2026-05-15 18:36:20,271 | INFO |    📡 Torso → Draw: 17W | Battery: 97%
2026-05-15 18:36:20,277 | INFO |    📡 Compute → Draw: 8W | Battery: 96%
2026-05-15 18:36:34,405 | INFO | 🤖 Multi-Channel Robot Simulator Started
2026-05-15 18:36:34,406 | INFO | 🚀 WebSocket System Started
2026-05-15 18:36:34,416 | INFO |    📡 Legs → Draw: 23W | Battery: 97%
2026-05-15 18:36:34,422 | INFO |    📡 Arms → Draw: 21W | Battery: 97%
2026-05-15 18:36:34,428 | INFO |    📡 Torso → Draw: 9W | Battery: 97%
2026-05-15 18:36:34,433 | INFO |    📡 Compute → Draw: 15W | Battery: 97%
2026-05-15 18:36:39,624 | INFO |    📡 Legs → Draw: 26W | Battery: 97%
2026-05-15 18:36:39,629 | INFO |    📡 Arms → Draw: 11W | Battery: 97%
2026-05-15 18:36:39,636 | INFO |    📡 Torso → Draw: 13W | Battery: 97%
2026-05-15 18:36:39,642 | INFO |    📡 Compute → Draw: 10W | Battery: 97%
2026-05-15 18:36:45,207 | INFO |    📡 Legs → Draw: 22W | Battery: 97%
2026-05-15 18:36:45,213 | INFO |    📡 Arms → Draw: 22W | Battery: 96%
2026-05-15 18:36:45,219 | INFO |    📡 Torso → Draw: 20W | Battery: 96%
2026-05-15 18:36:45,224 | INFO |    📡 Compute → Draw: 12W | Battery: 96%
2026-05-15 18:36:49,990 | INFO |    📡 Legs → Draw: 31W | Battery: 96%
2026-05-15 18:36:49,997 | INFO |    📡 Arms → Draw: 16W | Battery: 96%
2026-05-15 18:36:50,003 | INFO |    📡 Torso → Draw: 13W | Battery: 96%
2026-05-15 18:36:50,008 | INFO |    📡 Compute → Draw: 11W | Battery: 96%
2026-05-15 18:36:56,362 | INFO |    📡 Legs → Draw: 26W | Battery: 95%
2026-05-15 18:36:56,368 | INFO |    📡 Arms → Draw: 15W | Battery: 95%
2026-05-15 18:36:56,374 | INFO |    📡 Torso → Draw: 10W | Battery: 95%
2026-05-15 18:36:56,380 | INFO |    📡 Compute → Draw: 26W | Battery: 95%
2026-05-15 18:37:04,029 | INFO |    📡 Legs → Draw: 20W | Battery: 95%
2026-05-15 18:37:04,036 | INFO |    📡 Arms → Draw: 16W | Battery: 95%
2026-05-15 18:37:04,041 | INFO |    📡 Torso → Draw: 20W | Battery: 95%
2026-05-15 18:37:04,047 | INFO |    📡 Compute → Draw: 8W | Battery: 95%
2026-05-15 18:37:11,131 | INFO |    📡 Legs → Draw: 27W | Battery: 95%
2026-05-15 18:37:11,139 | INFO |    📡 Arms → Draw: 14W | Battery: 94%
2026-05-15 18:37:11,145 | INFO |    📡 Torso → Draw: 12W | Battery: 94%
2026-05-15 18:37:11,149 | INFO |    📡 Compute → Draw: 3W | Battery: 94%
2026-05-15 18:37:15,512 | INFO |    📡 Legs → Draw: 23W | Battery: 94%
2026-05-15 18:37:15,517 | INFO |    📡 Arms → Draw: 14W | Battery: 94%
2026-05-15 18:37:15,524 | INFO |    📡 Torso → Draw: 3W | Battery: 94%
2026-05-15 18:37:15,529 | INFO |    📡 Compute → Draw: 10W | Battery: 94%
2026-05-15 18:39:43,399 | INFO | 🤖 Simulator started - Controlled speed
2026-05-15 18:39:43,400 | INFO | 🚀 WebSocket System Started
2026-05-15 18:39:43,425 | INFO | 🔋 Main Battery: 92% | Total Draw: 72W
2026-05-15 18:39:49,453 | INFO | 🔋 Main Battery: 87% | Total Draw: 65W
2026-05-15 18:39:55,482 | INFO | 🔋 Main Battery: 81% | Total Draw: 70W
2026-05-15 18:40:01,511 | INFO | 🔋 Main Battery: 75% | Total Draw: 79W
2026-05-15 18:40:07,538 | INFO | 🔋 Main Battery: 70% | Total Draw: 65W
2026-05-15 18:40:13,572 | INFO | 🔋 Main Battery: 63% | Total Draw: 86W
2026-05-15 18:40:19,594 | INFO | 🔋 Main Battery: 60% | Total Draw: 39W
2026-05-15 18:40:25,617 | INFO | 🔋 Main Battery: 55% | Total Draw: 60W
2026-05-15 18:40:31,645 | INFO | 🔋 Main Battery: 50% | Total Draw: 70W
2026-05-15 18:40:37,674 | INFO | 🔋 Main Battery: 43% | Total Draw: 77W
2026-05-15 18:40:43,704 | INFO | 🔋 Main Battery: 38% | Total Draw: 64W
2026-05-15 18:40:49,736 | INFO | 🔋 Main Battery: 33% | Total Draw: 57W
2026-05-15 18:42:45,784 | INFO | 🤖 Simulator started - Controlled speed
2026-05-15 18:42:45,785 | INFO | 🚀 Stable System Started
2026-05-15 18:42:45,810 | ERROR | Simulator error: cannot import name 'socketio' from 'src.dashboard' (C:\Users\dd928\OneDrive\Desktop\robot-battery-monitor-main\src\dashboard.py)
2026-05-15 18:42:51,837 | ERROR | Simulator error: cannot import name 'socketio' from 'src.dashboard' (C:\Users\dd928\OneDrive\Desktop\robot-battery-monitor-main\src\dashboard.py)
2026-05-15 18:42:57,860 | ERROR | Simulator error: cannot import name 'socketio' from 'src.dashboard' (C:\Users\dd928\OneDrive\Desktop\robot-battery-monitor-main\src\dashboard.py)
2026-05-15 18:44:27,589 | INFO | 🤖 Simulator started - Controlled speed (stable version)
2026-05-15 18:44:27,589 | INFO | 🚀 Stable System Started
2026-05-15 18:44:27,615 | INFO | 🔋 Main Battery: 92% | Total Draw: 57W
2026-05-15 18:44:33,649 | INFO | 🔋 Main Battery: 88% | Total Draw: 63W
2026-05-15 18:44:39,673 | INFO | 🔋 Main Battery: 82% | Total Draw: 74W
2026-05-15 18:44:45,699 | INFO | 🔋 Main Battery: 75% | Total Draw: 83W
2026-05-15 18:44:51,726 | INFO | 🔋 Main Battery: 69% | Total Draw: 68W
2026-05-15 18:44:57,753 | INFO | 🔋 Main Battery: 65% | Total Draw: 49W
2026-05-15 18:45:03,782 | INFO | 🔋 Main Battery: 62% | Total Draw: 48W
2026-05-15 18:45:09,810 | INFO | 🔋 Main Battery: 57% | Total Draw: 60W
2026-05-15 18:45:15,838 | INFO | 🔋 Main Battery: 53% | Total Draw: 64W
2026-05-15 18:45:21,866 | INFO | 🔋 Main Battery: 48% | Total Draw: 54W
2026-05-15 18:45:27,898 | INFO | 🔋 Main Battery: 41% | Total Draw: 81W
